<?xml version='1.1' encoding='UTF-8'?>
<result plugin="junit@1252.vfc2e5efa_294f">
  <suites>
    <suite>
      <file>/var/jenkins_home/workspace/mr-jenk/backend/services/media/build/test-results/test/TEST-pw.mer.letsplay.media.MediaSecurityTests.xml</file>
      <name>pw.mer.letsplay.media.MediaSecurityTests</name>
      <stdout>12:44:07.867 [Test worker] INFO org.springframework.test.context.support.AnnotationConfigContextLoaderUtils -- Could not detect default configuration classes for test class [pw.mer.letsplay.media.MediaSecurityTests]: MediaSecurityTests does not declare any static, non-private, non-final, nested classes annotated with @Configuration.
12:44:08.066 [Test worker] INFO org.springframework.boot.test.context.SpringBootTestContextBootstrapper -- Found @SpringBootConfiguration pw.mer.letsplay.Application
...[truncated 10116 chars]...
MediaSecurityTests in 2.255 seconds (process running for 44.972)
2023-12-18T12:44:52.148Z  INFO 2695 --- [o-auto-1-exec-1] o.a.c.c.C.[Tomcat].[localhost].[/]       : Initializing Spring DispatcherServlet &apos;dispatcherServlet&apos;
2023-12-18T12:44:52.148Z  INFO 2695 --- [o-auto-1-exec-1] o.s.web.servlet.DispatcherServlet        : Initializing Servlet &apos;dispatcherServlet&apos;
2023-12-18T12:44:52.149Z  INFO 2695 --- [o-auto-1-exec-1] o.s.web.servlet.DispatcherServlet        : Completed initialization in 1 ms
</stdout>
      <stderr></stderr>
      <duration>1.566</duration>
      <properties/>
      <timestamp>2023-12-18T12:44:50</timestamp>
      <time>1.566</time>
      <nodeId>35</nodeId>
      <enclosingBlocks>
        <string>25</string>
      </enclosingBlocks>
      <enclosingBlockNames>
        <string>Run tests</string>
      </enclosingBlockNames>
      <cases>
        <case>
          <duration>1.522</duration>
          <className>pw.mer.letsplay.media.MediaSecurityTests</className>
          <testName>getShouldBePublic()</testName>
          <skipped>false</skipped>
          <properties/>
          <failedSince>0</failedSince>
        </case>
        <case>
          <duration>0.029</duration>
          <className>pw.mer.letsplay.media.MediaSecurityTests</className>
          <testName>unauthorizedCanUpload()</testName>
          <skipped>false</skipped>
          <properties/>
          <failedSince>0</failedSince>
        </case>
        <case>
          <duration>0.013</duration>
          <className>pw.mer.letsplay.media.MediaSecurityTests</className>
          <testName>nonAdminCanUpload()</testName>
          <skipped>false</skipped>
          <properties/>
          <failedSince>0</failedSince>
        </case>
      </cases>
    </suite>
    <suite>
      <file>/var/jenkins_home/workspace/mr-jenk/backend/services/media/build/test-results/test/TEST-pw.mer.letsplay.media.MediaUploadTests.xml</file>
      <name>pw.mer.letsplay.media.MediaUploadTests</name>
      <stdout>2023-12-18T12:44:52.339Z  INFO 2695 --- [    Test worker] t.c.s.AnnotationConfigContextLoaderUtils : Could not detect default configuration classes for test class [pw.mer.letsplay.media.MediaUploadTests]: MediaUploadTests does not declare any static, non-private, non-final, nested classes annotated with @Configuration.
2023-12-18T12:44:52.343Z  INFO 2695 --- [    Test worker] .b.t.c.SpringBootTestContextBootstrapper : Found @SpringBootConfiguration pw.mer.letsplay.Application for test class pw.mer.letsplay.media.MediaUploadTests
</stdout>
      <stderr></stderr>
      <duration>0.253</duration>
      <properties/>
      <timestamp>2023-12-18T12:44:52</timestamp>
      <time>0.253</time>
      <nodeId>35</nodeId>
      <enclosingBlocks>
        <string>25</string>
      </enclosingBlocks>
      <enclosingBlockNames>
        <string>Run tests</string>
      </enclosingBlockNames>
      <cases>
        <case>
          <duration>0.086</duration>
          <className>pw.mer.letsplay.media.MediaUploadTests</className>
          <testName>validBig()</testName>
          <skipped>false</skipped>
          <properties/>
          <failedSince>0</failedSince>
        </case>
        <case>
          <duration>0.02</duration>
          <className>pw.mer.letsplay.media.MediaUploadTests</className>
          <testName>validPNG()</testName>
          <skipped>false</skipped>
          <properties/>
          <failedSince>0</failedSince>
        </case>
        <case>
          <duration>0.058</duration>
          <className>pw.mer.letsplay.media.MediaUploadTests</className>
          <testName>wrongContentType()</testName>
          <skipped>false</skipped>
          <properties/>
          <failedSince>0</failedSince>
        </case>
        <case>
          <duration>0.017</duration>
          <className>pw.mer.letsplay.media.MediaUploadTests</className>
          <testName>validJPEG()</testName>
          <skipped>false</skipped>
          <properties/>
          <failedSince>0</failedSince>
        </case>
        <case>
          <duration>0.016</duration>
          <className>pw.mer.letsplay.media.MediaUploadTests</className>
          <testName>validWebP()</testName>
          <skipped>false</skipped>
          <properties/>
          <failedSince>0</failedSince>
        </case>
        <case>
          <duration>0.051</duration>
          <className>pw.mer.letsplay.media.MediaUploadTests</className>
          <testName>tooBig()</testName>
          <skipped>false</skipped>
          <properties/>
          <failedSince>0</failedSince>
        </case>
      </cases>
    </suite>
    <suite>
      <file>/var/jenkins_home/workspace/mr-jenk/backend/services/products/build/test-results/test/TEST-pw.mer.letsplay.CustomErrorTests.xml</file>
      <name>pw.mer.letsplay.CustomErrorTests</name>
      <stdout>13:05:41.066 [Test worker] INFO org.springframework.test.context.support.AnnotationConfigContextLoaderUtils -- Could not detect default configuration classes for test class [pw.mer.letsplay.CustomErrorTests]: CustomErrorTests does not declare any static, non-private, non-final, nested classes annotated with @Configuration.
13:05:41.225 [Test worker] INFO org.springframework.boot.test.context.SpringBootTestContextBootstrapper -- Found @SpringBootConfiguration pw.mer.letsplay.LetsPlayApplication f
...[truncated 13698 chars]...
ed CustomErrorTests in 2.957 seconds (process running for 40.52)
2023-12-18T13:06:21.810Z  INFO 2703 --- [o-auto-1-exec-1] o.a.c.c.C.[Tomcat].[localhost].[/]       : Initializing Spring DispatcherServlet &apos;dispatcherServlet&apos;
2023-12-18T13:06:21.811Z  INFO 2703 --- [o-auto-1-exec-1] o.s.web.servlet.DispatcherServlet        : Initializing Servlet &apos;dispatcherServlet&apos;
2023-12-18T13:06:21.812Z  INFO 2703 --- [o-auto-1-exec-1] o.s.web.servlet.DispatcherServlet        : Completed initialization in 1 ms
</stdout>
      <stderr></stderr>
      <duration>5.704</duration>
      <properties/>
      <timestamp>2023-12-18T13:06:20</timestamp>
      <time>2.658</time>
      <nodeId>35</nodeId>
      <enclosingBlocks>
        <string>25</string>
      </enclosingBlocks>
      <enclosingBlockNames>
        <string>Run tests</string>
      </enclosingBlockNames>
      <cases>
        <case>
          <duration>2.596</duration>
          <className>pw.mer.letsplay.CustomErrorTests</className>
          <testName>errorsShouldFollowRFC7807()</testName>
          <skipped>false</skipped>
          <properties/>
          <failedSince>0</failedSince>
        </case>
        <case>
          <duration>0.026</duration>
          <className>pw.mer.letsplay.CustomErrorTests</className>
          <testName>endpointDoesNotExist()</testName>
          <skipped>false</skipped>
          <properties/>
          <failedSince>0</failedSince>
        </case>
        <case>
          <duration>0.031</duration>
          <className>pw.mer.letsplay.CustomErrorTests</className>
          <testName>firewall()</testName>
          <skipped>false</skipped>
          <properties/>
          <failedSince>0</failedSince>
        </case>
        <case>
          <duration>2.637</duration>
          <className>pw.mer.letsplay.CustomErrorTests</className>
          <testName>errorsShouldFollowRFC7807()</testName>
          <skipped>false</skipped>
          <properties/>
          <failedSince>0</failedSince>
        </case>
        <case>
          <duration>0.197</duration>
          <className>pw.mer.letsplay.CustomErrorTests</className>
          <testName>endpointDoesNotExist()</testName>
          <skipped>false</skipped>
          <properties/>
          <failedSince>0</failedSince>
        </case>
        <case>
          <duration>0.209</duration>
          <className>pw.mer.letsplay.CustomErrorTests</className>
          <testName>firewall()</testName>
          <skipped>false</skipped>
          <properties/>
          <failedSince>0</failedSince>
        </case>
      </cases>
    </suite>
    <suite>
      <file>/var/jenkins_home/workspace/mr-jenk/backend/services/products/build/test-results/test/TEST-pw.mer.letsplay.product.ProductAddTests.xml</file>
      <name>pw.mer.letsplay.product.ProductAddTests</name>
      <stdout>2023-12-18T13:06:22.750Z  INFO 2703 --- [    Test worker] t.c.s.AnnotationConfigContextLoaderUtils : Could not detect default configuration classes for test class [pw.mer.letsplay.product.ProductAddTests]: ProductAddTests does not declare any static, non-private, non-final, nested classes annotated with @Configuration.
2023-12-18T13:06:22.755Z  INFO 2703 --- [    Test worker] .b.t.c.SpringBootTestContextBootstrapper : Found @SpringBootConfiguration pw.mer.letsplay.LetsPlayApplication for test class pw.mer.letsplay.product.ProductAddTests
</stdout>
      <stderr></stderr>
      <duration>0.56</duration>
      <properties/>
      <timestamp>2023-12-18T13:06:22</timestamp>
      <time>0.56</time>
      <nodeId>35</nodeId>
      <enclosingBlocks>
        <string>25</string>
      </enclosingBlocks>
      <enclosingBlockNames>
        <string>Run tests</string>
      </enclosingBlockNames>
      <cases>
        <case>
          <duration>0.075</duration>
          <className>pw.mer.letsplay.product.ProductAddTests</className>
          <testName>addProductInvalidPrice()</testName>
          <skipped>false</skipped>
          <properties/>
          <failedSince>0</failedSince>
        </case>
        <case>
          <duration>0.061</duration>
          <className>pw.mer.letsplay.product.ProductAddTests</className>
          <testName>addProductInvalidName()</testName>
          <skipped>false</skipped>
          <properties/>
          <failedSince>0</failedSince>
        </case>
        <case>
          <duration>0.071</duration>
          <className>pw.mer.letsplay.product.ProductAddTests</className>
          <testName>addProductInvalidDescription()</testName>
          <skipped>false</skipped>
          <properties/>
          <failedSince>0</failedSince>
        </case>
        <case>
          <duration>0.192</duration>
          <className>pw.mer.letsplay.product.ProductAddTests</className>
          <testName>addProductWithImages()</testName>
          <skipped>false</skipped>
          <properties/>
          <failedSince>0</failedSince>
        </case>
        <case>
          <duration>0.028</duration>
          <className>pw.mer.letsplay.product.ProductAddTests</className>
          <testName>addProductInvalidQuantity()</testName>
          <skipped>false</skipped>
          <properties/>
          <failedSince>0</failedSince>
        </case>
        <case>
          <duration>0.083</duration>
          <className>pw.mer.letsplay.product.ProductAddTests</className>
          <testName>addProduct()</testName>
          <skipped>false</skipped>
          <properties/>
          <failedSince>0</failedSince>
        </case>
        <case>
          <duration>0.044</duration>
          <className>pw.mer.letsplay.product.ProductAddTests</className>
          <testName>NotFound()</testName>
          <skipped>false</skipped>
          <properties/>
          <failedSince>0</failedSince>
        </case>
      </cases>
    </suite>
    <suite>
      <file>/var/jenkins_home/workspace/mr-jenk/backend/services/products/build/test-results/test/TEST-pw.mer.letsplay.product.ProductDeleteTests.xml</file>
      <name>pw.mer.letsplay.product.ProductDeleteTests</name>
      <stdout>2023-12-18T13:06:23.320Z  INFO 2703 --- [    Test worker] t.c.s.AnnotationConfigContextLoaderUtils : Could not detect default configuration classes for test class [pw.mer.letsplay.product.ProductDeleteTests]: ProductDeleteTests does not declare any static, non-private, non-final, nested classes annotated with @Configuration.
2023-12-18T13:06:23.323Z  INFO 2703 --- [    Test worker] .b.t.c.SpringBootTestContextBootstrapper : Found @SpringBootConfiguration pw.mer.letsplay.LetsPlayApplication for test class pw.mer.letsplay.product.ProductDeleteTests
</stdout>
      <stderr></stderr>
      <duration>0.07</duration>
      <properties/>
      <timestamp>2023-12-18T13:06:23</timestamp>
      <time>0.07</time>
      <nodeId>35</nodeId>
      <enclosingBlocks>
        <string>25</string>
      </enclosingBlocks>
      <enclosingBlockNames>
        <string>Run tests</string>
      </enclosingBlockNames>
      <cases>
        <case>
          <duration>0.07</duration>
          <className>pw.mer.letsplay.product.ProductDeleteTests</className>
          <testName>deleteProduct()</testName>
          <skipped>false</skipped>
          <properties/>
          <failedSince>0</failedSince>
        </case>
      </cases>
    </suite>
    <suite>
      <file>/var/jenkins_home/workspace/mr-jenk/backend/services/products/build/test-results/test/TEST-pw.mer.letsplay.product.ProductSecurityTests.xml</file>
      <name>pw.mer.letsplay.product.ProductSecurityTests</name>
      <stdout>2023-12-18T13:06:23.397Z  INFO 2703 --- [    Test worker] t.c.s.AnnotationConfigContextLoaderUtils : Could not detect default configuration classes for test class [pw.mer.letsplay.product.ProductSecurityTests]: ProductSecurityTests does not declare any static, non-private, non-final, nested classes annotated with @Configuration.
2023-12-18T13:06:23.400Z  INFO 2703 --- [    Test worker] .b.t.c.SpringBootTestContextBootstrapper : Found @SpringBootConfiguration pw.mer.letsplay.LetsPlayApplication for test class pw.mer.letsplay.product.ProductSecurityTests
</stdout>
      <stderr></stderr>
      <duration>0.13</duration>
      <properties/>
      <timestamp>2023-12-18T13:06:23</timestamp>
      <time>0.13</time>
      <nodeId>35</nodeId>
      <enclosingBlocks>
        <string>25</string>
      </enclosingBlocks>
      <enclosingBlockNames>
        <string>Run tests</string>
      </enclosingBlockNames>
      <cases>
        <case>
          <duration>0.012</duration>
          <className>pw.mer.letsplay.product.ProductSecurityTests</className>
          <testName>productsShouldBePublic()</testName>
          <skipped>false</skipped>
          <properties/>
          <failedSince>0</failedSince>
        </case>
        <case>
          <duration>0.042</duration>
          <className>pw.mer.letsplay.product.ProductSecurityTests</className>
          <testName>notOwnerOfTheProduct()</testName>
          <skipped>false</skipped>
          <properties/>
          <failedSince>0</failedSince>
        </case>
        <case>
          <duration>0.052</duration>
          <className>pw.mer.letsplay.product.ProductSecurityTests</className>
          <testName>adminCanChangeAnyProducts()</testName>
          <skipped>false</skipped>
          <properties/>
          <failedSince>0</failedSince>
        </case>
        <case>
          <duration>0.021</duration>
          <className>pw.mer.letsplay.product.ProductSecurityTests</className>
          <testName>writeOperationsShouldNotBeAvailableForBasicUser()</testName>
          <skipped>false</skipped>
          <properties/>
          <failedSince>0</failedSince>
        </case>
      </cases>
    </suite>
    <suite>
      <file>/var/jenkins_home/workspace/mr-jenk/backend/services/products/build/test-results/test/TEST-pw.mer.letsplay.product.ProductUpdateTests.xml</file>
      <name>pw.mer.letsplay.product.ProductUpdateTests</name>
      <stdout>2023-12-18T13:06:23.534Z  INFO 2703 --- [    Test worker] t.c.s.AnnotationConfigContextLoaderUtils : Could not detect default configuration classes for test class [pw.mer.letsplay.product.ProductUpdateTests]: ProductUpdateTests does not declare any static, non-private, non-final, nested classes annotated with @Configuration.
2023-12-18T13:06:23.536Z  INFO 2703 --- [    Test worker] .b.t.c.SpringBootTestContextBootstrapper : Found @SpringBootConfiguration pw.mer.letsplay.LetsPlayApplication for test class pw.mer.letsplay.product.ProductUpdateTests
</stdout>
      <stderr></stderr>
      <duration>0.438</duration>
      <properties/>
      <timestamp>2023-12-18T13:06:23</timestamp>
      <time>0.438</time>
      <nodeId>35</nodeId>
      <enclosingBlocks>
        <string>25</string>
      </enclosingBlocks>
      <enclosingBlockNames>
        <string>Run tests</string>
      </enclosingBlockNames>
      <cases>
        <case>
          <duration>0.031</duration>
          <className>pw.mer.letsplay.product.ProductUpdateTests</className>
          <testName>updateWholeProductValid()</testName>
          <skipped>false</skipped>
          <properties/>
          <failedSince>0</failedSince>
        </case>
        <case>
          <duration>0.223</duration>
          <className>pw.mer.letsplay.product.ProductUpdateTests</className>
          <testName>updateProductFieldsValid()</testName>
          <skipped>false</skipped>
          <properties/>
          <failedSince>0</failedSince>
        </case>
        <case>
          <duration>0.061</duration>
          <className>pw.mer.letsplay.product.ProductUpdateTests</className>
          <testName>updateProductImages()</testName>
          <skipped>false</skipped>
          <properties/>
          <failedSince>0</failedSince>
        </case>
        <case>
          <duration>0.034</duration>
          <className>pw.mer.letsplay.product.ProductUpdateTests</className>
          <testName>updateProductInvalidQuantity()</testName>
          <skipped>false</skipped>
          <properties/>
          <failedSince>0</failedSince>
        </case>
        <case>
          <duration>0.029</duration>
          <className>pw.mer.letsplay.product.ProductUpdateTests</className>
          <testName>updateProductInvalidPrice()</testName>
          <skipped>false</skipped>
          <properties/>
          <failedSince>0</failedSince>
        </case>
        <case>
          <duration>0.055</duration>
          <className>pw.mer.letsplay.product.ProductUpdateTests</className>
          <testName>updateProductInvalidName()</testName>
          <skipped>false</skipped>
          <properties/>
          <failedSince>0</failedSince>
        </case>
      </cases>
    </suite>
    <suite>
      <file>/var/jenkins_home/workspace/mr-jenk/backend/services/users/build/test-results/test/TEST-pw.mer.letsplay.auth.AuthLoginTests.xml</file>
      <name>pw.mer.letsplay.auth.AuthLoginTests</name>
      <stdout>2023-12-18T13:06:39.875Z  INFO 2854 --- [    Test worker] t.c.s.AnnotationConfigContextLoaderUtils : Could not detect default configuration classes for test class [pw.mer.letsplay.auth.AuthLoginTests]: AuthLoginTests does not declare any static, non-private, non-final, nested classes annotated with @Configuration.
2023-12-18T13:06:39.881Z  INFO 2854 --- [    Test worker] .b.t.c.SpringBootTestContextBootstrapper : Found @SpringBootConfiguration pw.mer.letsplay.LetsPlayApplication for test class pw.mer.letsplay.auth.AuthLoginTests
</stdout>
      <stderr></stderr>
      <duration>0.919</duration>
      <properties/>
      <timestamp>2023-12-18T13:06:39</timestamp>
      <time>0.919</time>
      <nodeId>35</nodeId>
      <enclosingBlocks>
        <string>25</string>
      </enclosingBlocks>
      <enclosingBlockNames>
        <string>Run tests</string>
      </enclosingBlockNames>
      <cases>
        <case>
          <duration>0.288</duration>
          <className>pw.mer.letsplay.auth.AuthLoginTests</className>
          <testName>loginValid()</testName>
          <skipped>false</skipped>
          <properties/>
          <failedSince>0</failedSince>
        </case>
        <case>
          <duration>0.3</duration>
          <className>pw.mer.letsplay.auth.AuthLoginTests</className>
          <testName>loginInvalidPassword()</testName>
          <skipped>false</skipped>
          <properties/>
          <failedSince>0</failedSince>
        </case>
        <case>
          <duration>0.122</duration>
          <className>pw.mer.letsplay.auth.AuthLoginTests</className>
          <testName>loginNoSuchUser()</testName>
          <skipped>false</skipped>
          <properties/>
          <failedSince>0</failedSince>
        </case>
        <case>
          <duration>0.205</duration>
          <className>pw.mer.letsplay.auth.AuthLoginTests</className>
          <testName>loginInvalidBody()</testName>
          <skipped>false</skipped>
          <properties/>
          <failedSince>0</failedSince>
        </case>
      </cases>
    </suite>
    <suite>
      <file>/var/jenkins_home/workspace/mr-jenk/backend/services/users/build/test-results/test/TEST-pw.mer.letsplay.auth.AuthProfileTests.xml</file>
      <name>pw.mer.letsplay.auth.AuthProfileTests</name>
      <stdout>2023-12-18T13:06:40.806Z  INFO 2854 --- [    Test worker] t.c.s.AnnotationConfigContextLoaderUtils : Could not detect default configuration classes for test class [pw.mer.letsplay.auth.AuthProfileTests]: AuthProfileTests does not declare any static, non-private, non-final, nested classes annotated with @Configuration.
2023-12-18T13:06:40.809Z  INFO 2854 --- [    Test worker] .b.t.c.SpringBootTestContextBootstrapper : Found @SpringBootConfiguration pw.mer.letsplay.LetsPlayApplication for test class pw.mer.letsplay.auth.AuthProfileTests
</stdout>
      <stderr></stderr>
      <duration>0.947</duration>
      <properties/>
      <timestamp>2023-12-18T13:06:40</timestamp>
      <time>0.947</time>
      <nodeId>35</nodeId>
      <enclosingBlocks>
        <string>25</string>
      </enclosingBlocks>
      <enclosingBlockNames>
        <string>Run tests</string>
      </enclosingBlockNames>
      <cases>
        <case>
          <duration>0.209</duration>
          <className>pw.mer.letsplay.auth.AuthProfileTests</className>
          <testName>shouldNotSendPassword()</testName>
          <skipped>false</skipped>
          <properties/>
          <failedSince>0</failedSince>
        </case>
        <case>
          <duration>0.412</duration>
          <className>pw.mer.letsplay.auth.AuthProfileTests</className>
          <testName>deletedUser()</testName>
          <skipped>false</skipped>
          <properties/>
          <failedSince>0</failedSince>
        </case>
        <case>
          <duration>0.098</duration>
          <className>pw.mer.letsplay.auth.AuthProfileTests</className>
          <testName>unauthorized()</testName>
          <skipped>false</skipped>
          <properties/>
          <failedSince>0</failedSince>
        </case>
        <case>
          <duration>0.224</duration>
          <className>pw.mer.letsplay.auth.AuthProfileTests</className>
          <testName>profileAdmin()</testName>
          <skipped>false</skipped>
          <properties/>
          <failedSince>0</failedSince>
        </case>
      </cases>
    </suite>
    <suite>
      <file>/var/jenkins_home/workspace/mr-jenk/backend/services/users/build/test-results/test/TEST-pw.mer.letsplay.auth.AuthRegisterTests.xml</file>
      <name>pw.mer.letsplay.auth.AuthRegisterTests</name>
      <stdout>2023-12-18T13:06:41.759Z  INFO 2854 --- [    Test worker] t.c.s.AnnotationConfigContextLoaderUtils : Could not detect default configuration classes for test class [pw.mer.letsplay.auth.AuthRegisterTests]: AuthRegisterTests does not declare any static, non-private, non-final, nested classes annotated with @Configuration.
2023-12-18T13:06:41.762Z  INFO 2854 --- [    Test worker] .b.t.c.SpringBootTestContextBootstrapper : Found @SpringBootConfiguration pw.mer.letsplay.LetsPlayApplication for test class pw.mer.letsplay.auth.AuthRegisterTests
</stdout>
      <stderr></stderr>
      <duration>2.178</duration>
      <properties/>
      <timestamp>2023-12-18T13:06:41</timestamp>
      <time>2.178</time>
      <nodeId>35</nodeId>
      <enclosingBlocks>
        <string>25</string>
      </enclosingBlocks>
      <enclosingBlockNames>
        <string>Run tests</string>
      </enclosingBlockNames>
      <cases>
        <case>
          <duration>0.149</duration>
          <className>pw.mer.letsplay.auth.AuthRegisterTests</className>
          <testName>registerInvalidName()</testName>
          <skipped>false</skipped>
          <properties/>
          <failedSince>0</failedSince>
        </case>
        <case>
          <duration>0.87</duration>
          <className>pw.mer.letsplay.auth.AuthRegisterTests</className>
          <testName>registerWithImage()</testName>
          <skipped>false</skipped>
          <properties/>
          <failedSince>0</failedSince>
        </case>
        <case>
          <duration>0.288</duration>
          <className>pw.mer.letsplay.auth.AuthRegisterTests</className>
          <testName>shouldReturnUserId()</testName>
          <skipped>false</skipped>
          <properties/>
          <failedSince>0</failedSince>
        </case>
        <case>
          <duration>0.191</duration>
          <className>pw.mer.letsplay.auth.AuthRegisterTests</className>
          <testName>registerAsSeller()</testName>
          <skipped>false</skipped>
          <properties/>
          <failedSince>0</failedSince>
        </case>
        <case>
          <duration>0.176</duration>
          <className>pw.mer.letsplay.auth.AuthRegisterTests</className>
          <testName>registerValid()</testName>
          <skipped>false</skipped>
          <properties/>
          <failedSince>0</failedSince>
        </case>
        <case>
          <duration>0.116</duration>
          <className>pw.mer.letsplay.auth.AuthRegisterTests</className>
          <testName>registerInvalidPassword()</testName>
          <skipped>false</skipped>
          <properties/>
          <failedSince>0</failedSince>
        </case>
        <case>
          <duration>0.099</duration>
          <className>pw.mer.letsplay.auth.AuthRegisterTests</className>
          <testName>invalidRegisterAsAdmin()</testName>
          <skipped>false</skipped>
          <properties/>
          <failedSince>0</failedSince>
        </case>
        <case>
          <duration>0.102</duration>
          <className>pw.mer.letsplay.auth.AuthRegisterTests</className>
          <testName>registerInvalidEmail()</testName>
          <skipped>false</skipped>
          <properties/>
          <failedSince>0</failedSince>
        </case>
        <case>
          <duration>0.179</duration>
          <className>pw.mer.letsplay.auth.AuthRegisterTests</className>
          <testName>registerEmailExists()</testName>
          <skipped>false</skipped>
          <properties/>
          <failedSince>0</failedSince>
        </case>
      </cases>
    </suite>
    <suite>
      <file>/var/jenkins_home/workspace/mr-jenk/backend/services/users/build/test-results/test/TEST-pw.mer.letsplay.user.SellersTests.xml</file>
      <name>pw.mer.letsplay.user.SellersTests</name>
      <stdout>2023-12-18T13:06:43.944Z  INFO 2854 --- [    Test worker] t.c.s.AnnotationConfigContextLoaderUtils : Could not detect default configuration classes for test class [pw.mer.letsplay.user.SellersTests]: SellersTests does not declare any static, non-private, non-final, nested classes annotated with @Configuration.
2023-12-18T13:06:43.951Z  INFO 2854 --- [    Test worker] .b.t.c.SpringBootTestContextBootstrapper : Found @SpringBootConfiguration pw.mer.letsplay.LetsPlayApplication for test class pw.mer.letsplay.user.SellersTests
</stdout>
      <stderr></stderr>
      <duration>0.194</duration>
      <properties/>
      <timestamp>2023-12-18T13:06:43</timestamp>
      <time>0.194</time>
      <nodeId>35</nodeId>
      <enclosingBlocks>
        <string>25</string>
      </enclosingBlocks>
      <enclosingBlockNames>
        <string>Run tests</string>
      </enclosingBlockNames>
      <cases>
        <case>
          <duration>0.194</duration>
          <className>pw.mer.letsplay.user.SellersTests</className>
          <testName>sellersShouldBePublic()</testName>
          <skipped>false</skipped>
          <properties/>
          <failedSince>0</failedSince>
        </case>
      </cases>
    </suite>
    <suite>
      <file>/var/jenkins_home/workspace/mr-jenk/backend/services/users/build/test-results/test/TEST-pw.mer.letsplay.user.UserAddTests.xml</file>
      <name>pw.mer.letsplay.user.UserAddTests</name>
      <stdout>2023-12-18T13:06:44.151Z  INFO 2854 --- [    Test worker] t.c.s.AnnotationConfigContextLoaderUtils : Could not detect default configuration classes for test class [pw.mer.letsplay.user.UserAddTests]: UserAddTests does not declare any static, non-private, non-final, nested classes annotated with @Configuration.
2023-12-18T13:06:44.155Z  INFO 2854 --- [    Test worker] .b.t.c.SpringBootTestContextBootstrapper : Found @SpringBootConfiguration pw.mer.letsplay.LetsPlayApplication for test class pw.mer.letsplay.user.UserAddTests
</stdout>
      <stderr></stderr>
      <duration>2.39</duration>
      <properties/>
      <timestamp>2023-12-18T13:06:44</timestamp>
      <time>2.39</time>
      <nodeId>35</nodeId>
      <enclosingBlocks>
        <string>25</string>
      </enclosingBlocks>
      <enclosingBlockNames>
        <string>Run tests</string>
      </enclosingBlockNames>
      <cases>
        <case>
          <duration>0.253</duration>
          <className>pw.mer.letsplay.user.UserAddTests</className>
          <testName>usersAddInvalidName()</testName>
          <skipped>false</skipped>
          <properties/>
          <failedSince>0</failedSince>
        </case>
        <case>
          <duration>0.274</duration>
          <className>pw.mer.letsplay.user.UserAddTests</className>
          <testName>usersAddInvalidRole()</testName>
          <skipped>false</skipped>
          <properties/>
          <failedSince>0</failedSince>
        </case>
        <case>
          <duration>0.299</duration>
          <className>pw.mer.letsplay.user.UserAddTests</className>
          <testName>usersAddValidImage()</testName>
          <skipped>false</skipped>
          <properties/>
          <failedSince>0</failedSince>
        </case>
        <case>
          <duration>0.303</duration>
          <className>pw.mer.letsplay.user.UserAddTests</className>
          <testName>usersAddSeller()</testName>
          <skipped>false</skipped>
          <properties/>
          <failedSince>0</failedSince>
        </case>
        <case>
          <duration>0.306</duration>
          <className>pw.mer.letsplay.user.UserAddTests</className>
          <testName>usersAddBasicUser()</testName>
          <skipped>false</skipped>
          <properties/>
          <failedSince>0</failedSince>
        </case>
        <case>
          <duration>0.278</duration>
          <className>pw.mer.letsplay.user.UserAddTests</className>
          <testName>usersAddEmailTaken()</testName>
          <skipped>false</skipped>
          <properties/>
          <failedSince>0</failedSince>
        </case>
        <case>
          <duration>0.196</duration>
          <className>pw.mer.letsplay.user.UserAddTests</className>
          <testName>usersAddInvalidPassword()</testName>
          <skipped>false</skipped>
          <properties/>
          <failedSince>0</failedSince>
        </case>
        <case>
          <duration>0.295</duration>
          <className>pw.mer.letsplay.user.UserAddTests</className>
          <testName>usersAddAdmin()</testName>
          <skipped>false</skipped>
          <properties/>
          <failedSince>0</failedSince>
        </case>
        <case>
          <duration>0.178</duration>
          <className>pw.mer.letsplay.user.UserAddTests</className>
          <testName>usersAddInvalidEmail()</testName>
          <skipped>false</skipped>
          <properties/>
          <failedSince>0</failedSince>
        </case>
      </cases>
    </suite>
    <suite>
      <file>/var/jenkins_home/workspace/mr-jenk/backend/services/users/build/test-results/test/TEST-pw.mer.letsplay.user.UserDeleteTests.xml</file>
      <name>pw.mer.letsplay.user.UserDeleteTests</name>
      <stdout>2023-12-18T13:06:46.552Z  INFO 2854 --- [    Test worker] t.c.s.AnnotationConfigContextLoaderUtils : Could not detect default configuration classes for test class [pw.mer.letsplay.user.UserDeleteTests]: UserDeleteTests does not declare any static, non-private, non-final, nested classes annotated with @Configuration.
2023-12-18T13:06:46.556Z  INFO 2854 --- [    Test worker] .b.t.c.SpringBootTestContextBootstrapper : Found @SpringBootConfiguration pw.mer.letsplay.LetsPlayApplication for test class pw.mer.letsplay.user.UserDeleteTests
</stdout>
      <stderr></stderr>
      <duration>0.863</duration>
      <properties/>
      <timestamp>2023-12-18T13:06:46</timestamp>
      <time>0.863</time>
      <nodeId>35</nodeId>
      <enclosingBlocks>
        <string>25</string>
      </enclosingBlocks>
      <enclosingBlockNames>
        <string>Run tests</string>
      </enclosingBlockNames>
      <cases>
        <case>
          <duration>0.377</duration>
          <className>pw.mer.letsplay.user.UserDeleteTests</className>
          <testName>usersDelete()</testName>
          <skipped>false</skipped>
          <properties/>
          <failedSince>0</failedSince>
        </case>
        <case>
          <duration>0.246</duration>
          <className>pw.mer.letsplay.user.UserDeleteTests</className>
          <testName>notExists()</testName>
          <skipped>false</skipped>
          <properties/>
          <failedSince>0</failedSince>
        </case>
        <case>
          <duration>0.237</duration>
          <className>pw.mer.letsplay.user.UserDeleteTests</className>
          <testName>deleteSelf()</testName>
          <skipped>false</skipped>
          <properties/>
          <failedSince>0</failedSince>
        </case>
      </cases>
    </suite>
    <suite>
      <file>/var/jenkins_home/workspace/mr-jenk/backend/services/users/build/test-results/test/TEST-pw.mer.letsplay.user.UserSecurityTests.xml</file>
      <name>pw.mer.letsplay.user.UserSecurityTests</name>
      <stdout>2023-12-18T13:06:47.424Z  INFO 2854 --- [    Test worker] t.c.s.AnnotationConfigContextLoaderUtils : Could not detect default configuration classes for test class [pw.mer.letsplay.user.UserSecurityTests]: UserSecurityTests does not declare any static, non-private, non-final, nested classes annotated with @Configuration.
2023-12-18T13:06:47.427Z  INFO 2854 --- [    Test worker] .b.t.c.SpringBootTestContextBootstrapper : Found @SpringBootConfiguration pw.mer.letsplay.LetsPlayApplication for test class pw.mer.letsplay.user.UserSecurityTests
</stdout>
      <stderr></stderr>
      <duration>1.523</duration>
      <properties/>
      <timestamp>2023-12-18T13:06:47</timestamp>
      <time>1.523</time>
      <nodeId>35</nodeId>
      <enclosingBlocks>
        <string>25</string>
      </enclosingBlocks>
      <enclosingBlockNames>
        <string>Run tests</string>
      </enclosingBlockNames>
      <cases>
        <case>
          <duration>0.289</duration>
          <className>pw.mer.letsplay.user.UserSecurityTests</className>
          <testName>usersGetId()</testName>
          <skipped>false</skipped>
          <properties/>
          <failedSince>0</failedSince>
        </case>
        <case>
          <duration>0.089</duration>
          <className>pw.mer.letsplay.user.UserSecurityTests</className>
          <testName>usersShouldBePrivate()</testName>
          <skipped>false</skipped>
          <properties/>
          <failedSince>0</failedSince>
        </case>
        <case>
          <duration>0.38</duration>
          <className>pw.mer.letsplay.user.UserSecurityTests</className>
          <testName>usersListPermissions()</testName>
          <skipped>false</skipped>
          <properties/>
          <failedSince>0</failedSince>
        </case>
        <case>
          <duration>0.393</duration>
          <className>pw.mer.letsplay.user.UserSecurityTests</className>
          <testName>onlyAdminCanEditUsers()</testName>
          <skipped>false</skipped>
          <properties/>
          <failedSince>0</failedSince>
        </case>
        <case>
          <duration>0.369</duration>
          <className>pw.mer.letsplay.user.UserSecurityTests</className>
          <testName>basicUsersShouldBePrivate()</testName>
          <skipped>false</skipped>
          <properties/>
          <failedSince>0</failedSince>
        </case>
      </cases>
    </suite>
    <suite>
      <file>/var/jenkins_home/workspace/mr-jenk/backend/services/users/build/test-results/test/TEST-pw.mer.letsplay.user.UserUpdateTests.xml</file>
      <name>pw.mer.letsplay.user.UserUpdateTests</name>
      <stdout>2023-12-18T13:06:48.954Z  INFO 2854 --- [    Test worker] t.c.s.AnnotationConfigContextLoaderUtils : Could not detect default configuration classes for test class [pw.mer.letsplay.user.UserUpdateTests]: UserUpdateTests does not declare any static, non-private, non-final, nested classes annotated with @Configuration.
2023-12-18T13:06:48.956Z  INFO 2854 --- [    Test worker] .b.t.c.SpringBootTestContextBootstrapper : Found @SpringBootConfiguration pw.mer.letsplay.LetsPlayApplication for test class pw.mer.letsplay.user.UserUpdateTests
</stdout>
      <stderr></stderr>
      <duration>3.256</duration>
      <properties/>
      <timestamp>2023-12-18T13:06:48</timestamp>
      <time>3.256</time>
      <nodeId>35</nodeId>
      <enclosingBlocks>
        <string>25</string>
      </enclosingBlocks>
      <enclosingBlockNames>
        <string>Run tests</string>
      </enclosingBlockNames>
      <cases>
        <case>
          <duration>0.27</duration>
          <className>pw.mer.letsplay.user.UserUpdateTests</className>
          <testName>basicUserCanUpdateSelf()</testName>
          <skipped>false</skipped>
          <properties/>
          <failedSince>0</failedSince>
        </case>
        <case>
          <duration>0.292</duration>
          <className>pw.mer.letsplay.user.UserUpdateTests</className>
          <testName>updateImage()</testName>
          <skipped>false</skipped>
          <properties/>
          <failedSince>0</failedSince>
        </case>
        <case>
          <duration>0.344</duration>
          <className>pw.mer.letsplay.user.UserUpdateTests</className>
          <testName>updateEmailTaken()</testName>
          <skipped>false</skipped>
          <properties/>
          <failedSince>0</failedSince>
        </case>
        <case>
          <duration>0.338</duration>
          <className>pw.mer.letsplay.user.UserUpdateTests</className>
          <testName>updateWholeUser()</testName>
          <skipped>false</skipped>
          <properties/>
          <failedSince>0</failedSince>
        </case>
        <case>
          <duration>0.28</duration>
          <className>pw.mer.letsplay.user.UserUpdateTests</className>
          <testName>updateNameInvalid()</testName>
          <skipped>false</skipped>
          <properties/>
          <failedSince>0</failedSince>
        </case>
        <case>
          <duration>0.264</duration>
          <className>pw.mer.letsplay.user.UserUpdateTests</className>
          <testName>updateEmailInvalid()</testName>
          <skipped>false</skipped>
          <properties/>
          <failedSince>0</failedSince>
        </case>
        <case>
          <duration>0.346</duration>
          <className>pw.mer.letsplay.user.UserUpdateTests</className>
          <testName>updateIndividualFields()</testName>
          <skipped>false</skipped>
          <properties/>
          <failedSince>0</failedSince>
        </case>
        <case>
          <duration>0.268</duration>
          <className>pw.mer.letsplay.user.UserUpdateTests</className>
          <testName>updatePasswordInvalid()</testName>
          <skipped>false</skipped>
          <properties/>
          <failedSince>0</failedSince>
        </case>
        <case>
          <duration>0.259</duration>
          <className>pw.mer.letsplay.user.UserUpdateTests</className>
          <testName>updateRoleInvalid()</testName>
          <skipped>false</skipped>
          <properties/>
          <failedSince>0</failedSince>
        </case>
        <case>
          <duration>0.171</duration>
          <className>pw.mer.letsplay.user.UserUpdateTests</className>
          <testName>updateNonExistingUser()</testName>
          <skipped>false</skipped>
          <properties/>
          <failedSince>0</failedSince>
        </case>
        <case>
          <duration>0.417</duration>
          <className>pw.mer.letsplay.user.UserUpdateTests</className>
          <testName>updatePassword()</testName>
          <skipped>false</skipped>
          <properties/>
          <failedSince>0</failedSince>
        </case>
      </cases>
    </suite>
  </suites>
  <duration>20.991001</duration>
  <skipOldReports>false</skipOldReports>
  <keepLongStdio>false</keepLongStdio>
  <keepProperties>false</keepProperties>
</result>