<?xml version='1.1' encoding='UTF-8'?>
<result plugin="junit@1252.vfc2e5efa_294f">
  <suites/>
  <duration>0.0</duration>
  <skipOldReports>false</skipOldReports>
  <keepLongStdio>false</keepLongStdio>
  <keepProperties>false</keepProperties>
</result>